<?xml version="1.0" encoding="UTF-8"?>
<testng-results ignored="0" total="1" passed="1" failed="0" skipped="0">
  <reporter-output>
  </reporter-output>
  <suite started-at="2025-09-29T20:10:49 IST" name="Trading Suite" finished-at="2025-09-29T20:10:53 IST" duration-ms="4062">
    <groups>
    </groups>
    <test started-at="2025-09-29T20:10:49 IST" name="UI Tests" finished-at="2025-09-29T20:10:53 IST" duration-ms="4062">
      <class name="com.example.trading.tests.StockQuoteTest">
        <test-method is-config="true" signature="setUpDriver()[pri:0, instance:com.example.trading.tests.StockQuoteTest@7530ad9c]" started-at="2025-09-29T20:10:49 IST" name="setUpDriver" finished-at="2025-09-29T20:10:52 IST" duration-ms="2681" status="PASS">
          <reporter-output>
          </reporter-output>
        </test-method> <!-- setUpDriver -->
        <test-method signature="openEt52WeekHighPage()[pri:0, instance:com.example.trading.tests.StockQuoteTest@7530ad9c]" started-at="2025-09-29T20:10:52 IST" name="openEt52WeekHighPage" finished-at="2025-09-29T20:10:53 IST" duration-ms="1028" status="PASS">
          <reporter-output>
          </reporter-output>
        </test-method> <!-- openEt52WeekHighPage -->
        <test-method is-config="true" signature="tearDownDriver()[pri:0, instance:com.example.trading.tests.StockQuoteTest@7530ad9c]" started-at="2025-09-29T20:10:53 IST" name="tearDownDriver" finished-at="2025-09-29T20:10:53 IST" duration-ms="309" status="PASS">
          <reporter-output>
          </reporter-output>
        </test-method> <!-- tearDownDriver -->
      </class> <!-- com.example.trading.tests.StockQuoteTest -->
    </test> <!-- UI Tests -->
  </suite> <!-- Trading Suite -->
</testng-results>
