<?xml version="1.0" encoding="UTF-8"?>
<testng-results ignored="0" total="1" passed="1" failed="0" skipped="0">
  <reporter-output>
  </reporter-output>
  <suite started-at="2025-10-01T16:30:34 IST" name="Trading Suite" finished-at="2025-10-01T16:30:41 IST" duration-ms="7445">
    <groups>
    </groups>
    <test started-at="2025-10-01T16:30:34 IST" name="UI Tests" finished-at="2025-10-01T16:30:41 IST" duration-ms="7445">
      <class name="com.example.trading.tests.StockQuoteTest">
        <test-method is-config="true" signature="setUpDriver()[pri:0, instance:com.example.trading.tests.StockQuoteTest@1dac5ef]" started-at="2025-10-01T16:30:34 IST" name="setUpDriver" finished-at="2025-10-01T16:30:37 IST" duration-ms="3030" status="PASS">
          <reporter-output>
          </reporter-output>
        </test-method> <!-- setUpDriver -->
        <test-method signature="openEt52WeekHighPage()[pri:0, instance:com.example.trading.tests.StockQuoteTest@1dac5ef]" started-at="2025-10-01T16:30:37 IST" name="openEt52WeekHighPage" finished-at="2025-10-01T16:30:41 IST" duration-ms="3829" status="PASS">
          <reporter-output>
          </reporter-output>
        </test-method> <!-- openEt52WeekHighPage -->
        <test-method is-config="true" signature="tearDownDriver()[pri:0, instance:com.example.trading.tests.StockQuoteTest@1dac5ef]" started-at="2025-10-01T16:30:41 IST" name="tearDownDriver" finished-at="2025-10-01T16:30:41 IST" duration-ms="515" status="PASS">
          <reporter-output>
          </reporter-output>
        </test-method> <!-- tearDownDriver -->
      </class> <!-- com.example.trading.tests.StockQuoteTest -->
    </test> <!-- UI Tests -->
  </suite> <!-- Trading Suite -->
</testng-results>
